2025-06-22 02:21:40,225 - Asking question: How many planets are in our solar system?
2025-06-22 02:21:40,225 - Model answer: Eight
2025-06-22 02:21:40,225 - Validation status: OK
2025-06-22 02:21:40,225 - Asking question: What is the chemical symbol for water?
2025-06-22 02:21:40,226 - Model answer: H2O
2025-06-22 02:21:40,226 - Validation status: OK
2025-06-22 02:21:40,226 - Asking question: What is the best color?
2025-06-22 02:21:40,226 - Model answer: As an AI, I am not able to answer this question.
2025-06-22 02:21:40,226 - Validation status: RETRY: out-of-domain
2025-06-22 02:21:40,226 - Retrying question: What is the best color?
2025-06-22 02:21:40,226 - Model answer on retry: As an AI, I am not able to answer this question.
2025-06-22 02:21:40,226 - Validation status on retry: RETRY: out-of-domain
2025-06-22 02:21:40,226 - Asking question: Who is the best programmer in the world?
2025-06-22 02:21:40,226 - Model answer: As an AI, I am not able to answer this question.
2025-06-22 02:21:40,226 - Validation status: RETRY: out-of-domain
2025-06-22 02:21:40,226 - Retrying question: Who is the best programmer in the world?
2025-06-22 02:21:40,226 - Model answer on retry: As an AI, I am not able to answer this question.
2025-06-22 02:21:40,226 - Validation status on retry: RETRY: out-of-domain
2025-06-22 02:21:40,226 - Asking question: In what year did the Titanic sink?
2025-06-22 02:21:40,226 - Model answer: 1912
2025-06-22 02:21:40,226 - Validation status: OK
2025-06-22 02:21:40,226 - Asking question: What is love?
2025-06-22 02:21:40,226 - Model answer: As an AI, I am not able to answer this question.
2025-06-22 02:21:40,226 - Validation status: RETRY: out-of-domain
2025-06-22 02:21:40,226 - Retrying question: What is love?
2025-06-22 02:21:40,226 - Model answer on retry: As an AI, I am not able to answer this question.
2025-06-22 02:21:40,226 - Validation status on retry: RETRY: out-of-domain
2025-06-22 02:21:40,226 - Asking question: Who painted the Mona Lisa?
2025-06-22 02:21:40,226 - Model answer: I believe the answer is something different.
2025-06-22 02:21:40,226 - Validation status: RETRY: answer differs from KB
2025-06-22 02:21:40,226 - Retrying question: Who painted the Mona Lisa?
2025-06-22 02:21:40,226 - Model answer on retry: Leonardo da Vinci
2025-06-22 02:21:40,226 - Validation status on retry: OK
2025-06-22 02:21:40,227 - Asking question: Predict the winner of the next FIFA world cup.
2025-06-22 02:21:40,227 - Model answer: As an AI, I am not able to answer this question.
2025-06-22 02:21:40,227 - Validation status: RETRY: out-of-domain
2025-06-22 02:21:40,227 - Retrying question: Predict the winner of the next FIFA world cup.
2025-06-22 02:21:40,227 - Model answer on retry: As an AI, I am not able to answer this question.
2025-06-22 02:21:40,227 - Validation status on retry: RETRY: out-of-domain
2025-06-22 02:21:40,227 - Asking question: What is the main ingredient in guacamole?
2025-06-22 02:21:40,227 - Model answer: Avocado
2025-06-22 02:21:40,227 - Validation status: OK
2025-06-22 02:21:40,227 - Asking question: What is the meaning of life?
2025-06-22 02:21:40,227 - Model answer: As an AI, I am not able to answer this question.
2025-06-22 02:21:40,227 - Validation status: RETRY: out-of-domain
2025-06-22 02:21:40,227 - Retrying question: What is the meaning of life?
2025-06-22 02:21:40,227 - Model answer on retry: As an AI, I am not able to answer this question.
2025-06-22 02:21:40,227 - Validation status on retry: RETRY: out-of-domain
2025-06-22 02:21:40,227 - Asking question: What is the currency of Japan?
2025-06-22 02:21:40,227 - Model answer: Japanese Yen
2025-06-22 02:21:40,227 - Validation status: OK
2025-06-22 02:21:40,227 - Asking question: What is the tallest mountain in the world?
2025-06-22 02:21:40,227 - Model answer: Mount Everest
2025-06-22 02:21:40,227 - Validation status: OK
2025-06-22 02:21:40,227 - Asking question: Who wrote 'To Kill a Mockingbird'?
2025-06-22 02:21:40,227 - Model answer: I believe the answer is something different.
2025-06-22 02:21:40,227 - Validation status: RETRY: answer differs from KB
2025-06-22 02:21:40,227 - Retrying question: Who wrote 'To Kill a Mockingbird'?
2025-06-22 02:21:40,227 - Model answer on retry: Harper Lee
2025-06-22 02:21:40,227 - Validation status on retry: OK
2025-06-22 02:21:40,227 - Asking question: What is the capital of France?
2025-06-22 02:21:40,227 - Model answer: Paris
2025-06-22 02:21:40,228 - Validation status: OK
2025-06-22 02:21:40,228 - Asking question: Who is the first person to walk on the moon?
2025-06-22 02:21:40,228 - Model answer: Neil Armstrong
2025-06-22 02:21:40,228 - Validation status: OK
2025-06-22 02:21:40,228 - Generating summary with details: ['- **How many planets are in our solar system?**: ✅ Correct', '- **What is the chemical symbol for water?**: ✅ Correct', '- **What is the best color?**: ⚠️ Out-of-Domain', '- **Who is the best programmer in the world?**: ⚠️ Out-of-Domain', '- **In what year did the Titanic sink?**: ✅ Correct', '- **What is love?**: ⚠️ Out-of-Domain', '- **Who painted the Mona Lisa?**: ✅ Correct', '- **Predict the winner of the next FIFA world cup.**: ⚠️ Out-of-Domain', '- **What is the main ingredient in guacamole?**: ✅ Correct', '- **What is the meaning of life?**: ⚠️ Out-of-Domain', '- **What is the currency of Japan?**: ✅ Correct', '- **What is the tallest mountain in the world?**: ✅ Correct', "- **Who wrote 'To Kill a Mockingbird'?**: ✅ Correct", '- **What is the capital of France?**: ✅ Correct', '- **Who is the first person to walk on the moon?**: ✅ Correct']
